proguard-project.txt
# To enable ProGuard in your project, edit project.properties
# to define the proguard.config property as described in that file.
#
# Add project specific ProGuard rules here.
# By default, the flags in this file are appended to flags specified
# in ${sdk.dir}/tools/proguard/proguard-android.txt
# You can edit the include path and order by changing the ProGuard
# include property in project.properties.
#
# For more details, see
#   http://developer.android.com/guide/developing/tools/proguard.html

# Add any project specific keep options here:
-libraryjars libs/pinyin4j-2.5.0.jar
-keep class net.sourceforge.pinyin4j.** { *;}
-dontwarn net.soureceforge.pinyin4j.**
-keep class demo.** { *;}
-dontwarn demo.**
-keep class **.R$* {  
 *; 
 }
-keep class com.bing.ui.custmeview.** { *;}

-keep public class * extends com.bing.ui.custmeview.BingListView{
    public *;
}
-keep public class * extends com.bing.ui.custmeview.BingGridView{
    public *;
}
-keep public class * extends com.bing.ui.custmeview.HorizontalListView{
    public *;
}

-keep class * implements android.os.Parcelable { 
  public static final android.os.Parcelable$Creator *; 

}

-keepclassmembers class **.R$* {  
    public static <fields>;  
}  

# If your project uses WebView with JS, uncomment the following
# and specify the fully qualified class name to the JavaScript interface
# class:
#-keepclassmembers class fqcn.of.javascript.interface.for.webview {
#   public *;
#}
-keep class org.jsoup.**  