proguard/seeds.txt
com.bing.friendplace.BaseActivity: BaseActivity()
com.bing.friendplace.BaseListActivity: BaseListActivity()
com.bing.friendplace.CommentActivity
com.bing.friendplace.CommentActivity: CommentActivity()
com.bing.friendplace.ContactsActivity
com.bing.friendplace.ContactsActivity: ContactsActivity()
com.bing.friendplace.FriendPlaceActivity
com.bing.friendplace.FriendPlaceActivity: FriendPlaceActivity()
com.bing.friendplace.MainActivity
com.bing.friendplace.MainActivity: MainActivity()
com.bing.friendplace.MessageActivity
com.bing.friendplace.MessageActivity: MessageActivity()
com.bing.friendplace.MoodInfoActivity
com.bing.friendplace.MoodInfoActivity: MoodInfoActivity()
com.bing.friendplace.MyAlbum
com.bing.friendplace.MyAlbum: MyAlbum()
com.bing.friendplace.PhotoPagerActvity
com.bing.friendplace.PhotoPagerActvity: PhotoPagerActvity()
com.bing.friendplace.PublishActivity
com.bing.friendplace.PublishActivity: PublishActivity()
com.bing.friendplace.R$anim
com.bing.friendplace.R$anim: int zoom_enter
com.bing.friendplace.R$anim: int zoom_exit
com.bing.friendplace.R$anim: R$anim()
com.bing.friendplace.R$attr
com.bing.friendplace.R$attr: R$attr()
com.bing.friendplace.R$color
com.bing.friendplace.R$color: int actionbar_color
com.bing.friendplace.R$color: int actionbar_tran_color
com.bing.friendplace.R$color: int black
com.bing.friendplace.R$color: int deepskyblue
com.bing.friendplace.R$color: int gole
com.bing.friendplace.R$color: int gray
com.bing.friendplace.R$color: int ivory
com.bing.friendplace.R$color: int light_gray
com.bing.friendplace.R$color: int lightgray
com.bing.friendplace.R$color: int transparent
com.bing.friendplace.R$color: int white
com.bing.friendplace.R$color: R$color()
com.bing.friendplace.R$dimen
com.bing.friendplace.R$dimen: int activity_horizontal_margin
com.bing.friendplace.R$dimen: int activity_vertical_margin
com.bing.friendplace.R$dimen: R$dimen()
com.bing.friendplace.R$drawable
com.bing.friendplace.R$drawable: int actionbar
com.bing.friendplace.R$drawable: int actionbar_arrow
com.bing.friendplace.R$drawable: int biao
com.bing.friendplace.R$drawable: int biao2
com.bing.friendplace.R$drawable: int camera
com.bing.friendplace.R$drawable: int camera_pressed
com.bing.friendplace.R$drawable: int camera_sec
com.bing.friendplace.R$drawable: int check_box_sex
com.bing.friendplace.R$drawable: int comment
com.bing.friendplace.R$drawable: int comment_normal
com.bing.friendplace.R$drawable: int comment_press
com.bing.friendplace.R$drawable: int comment_sec
com.bing.friendplace.R$drawable: int comment_sec_menu
com.bing.friendplace.R$drawable: int comments
com.bing.friendplace.R$drawable: int cut_line
com.bing.friendplace.R$drawable: int eye
com.bing.friendplace.R$drawable: int ic_at
com.bing.friendplace.R$drawable: int ic_delete
com.bing.friendplace.R$drawable: int ic_delete_p
com.bing.friendplace.R$drawable: int ic_empty_
com.bing.friendplace.R$drawable: int ic_fabu_tianjia
com.bing.friendplace.R$drawable: int ic_launcher
com.bing.friendplace.R$drawable: int ic_loading_
com.bing.friendplace.R$drawable: int ic_loading_large_
com.bing.friendplace.R$drawable: int ic_postion
com.bing.friendplace.R$drawable: int ic_visible_range
com.bing.friendplace.R$drawable: int iconfont_send_xh
com.bing.friendplace.R$drawable: int laun
com.bing.friendplace.R$drawable: int laun_sec
...
com.baidu.location.R$b
com.baidu.location.R$b: double do
com.baidu.location.R$b: double if
com.baidu.location.R$b: java.util.HashMap b
com.baidu.location.R$b: double c
com.baidu.location.R$b: com.baidu.location.R a
com.baidu.location.R$b: R$b(com.baidu.location.R,com.baidu.location.u$b)
com.baidu.location.R$b: double a(com.baidu.location.R$b)
com.baidu.location.R$b: java.util.HashMap if()
com.baidu.location.R$b: double a()
com.baidu.location.R$c
com.baidu.location.R$c: boolean a
com.baidu.location.R$c: com.baidu.location.R b
com.baidu.location.R$c: R$c(com.baidu.location.R)
com.baidu.location.R$c: void a(android.content.Context)
com.baidu.location.R$c: void onReceive(android.content.Context,android.content.Intent)
com.baidu.location.f
com.baidu.location.f: f()
com.baidu.mapapi.map.MapView: com.baidu.mapapi.map.BaiduMap getMap()
com.baidu.mapapi.map.MapViewLayoutParams$ELayoutMode: com.baidu.mapapi.map.MapViewLayoutParams$ELayoutMode[] values()
com.baidu.mapapi.map.MapViewLayoutParams$ELayoutMode: com.baidu.mapapi.map.MapViewLayoutParams$ELayoutMode valueOf(java.lang.String)
com.baidu.mapapi.map.MyLocationConfiguration$LocationMode: com.baidu.mapapi.map.MyLocationConfiguration$LocationMode[] values()
com.baidu.mapapi.map.MyLocationConfiguration$LocationMode: com.baidu.mapapi.map.MyLocationConfiguration$LocationMode valueOf(java.lang.String)
com.baidu.mapapi.search.core.PoiInfo$POITYPE: com.baidu.mapapi.search.core.PoiInfo$POITYPE[] values()
com.baidu.mapapi.search.core.PoiInfo$POITYPE: com.baidu.mapapi.search.core.PoiInfo$POITYPE valueOf(java.lang.String)
com.baidu.mapapi.search.core.SearchResult$ERRORNO: com.baidu.mapapi.search.core.SearchResult$ERRORNO[] values()
com.baidu.mapapi.search.core.SearchResult$ERRORNO: com.baidu.mapapi.search.core.SearchResult$ERRORNO valueOf(java.lang.String)
com.baidu.mapapi.search.route.DrivingRoutePlanOption$DrivingPolicy: com.baidu.mapapi.search.route.DrivingRoutePlanOption$DrivingPolicy[] values()
com.baidu.mapapi.search.route.DrivingRoutePlanOption$DrivingPolicy: com.baidu.mapapi.search.route.DrivingRoutePlanOption$DrivingPolicy valueOf(java.lang.String)
com.baidu.mapapi.search.route.TransitRouteLine$TransitStep$TransitRouteStepType: com.baidu.mapapi.search.route.TransitRouteLine$TransitStep$TransitRouteStepType[] values()
com.baidu.mapapi.search.route.TransitRouteLine$TransitStep$TransitRouteStepType: com.baidu.mapapi.search.route.TransitRouteLine$TransitStep$TransitRouteStepType valueOf(java.lang.String)
com.baidu.mapapi.search.route.TransitRoutePlanOption$TransitPolicy: com.baidu.mapapi.search.route.TransitRoutePlanOption$TransitPolicy[] values()
com.baidu.mapapi.search.route.TransitRoutePlanOption$TransitPolicy: com.baidu.mapapi.search.route.TransitRoutePlanOption$TransitPolicy valueOf(java.lang.String)
com.baidu.mapapi.utils.CoordinateConverter$CoordType: com.baidu.mapapi.utils.CoordinateConverter$CoordType[] values()
com.baidu.mapapi.utils.CoordinateConverter$CoordType: com.baidu.mapapi.utils.CoordinateConverter$CoordType valueOf(java.lang.String)
com.baidu.platform.comapi.map.MapRenderer
com.baidu.platform.comapi.map.MapRenderer: void nativeInit(int)
com.baidu.platform.comapi.map.MapRenderer: void nativeResize(int,int,int)
com.baidu.platform.comapi.map.MapRenderer: int nativeRender(int)
com.baidu.platform.comapi.map.d: com.baidu.platform.comapi.map.d[] values()
com.baidu.platform.comapi.map.d: com.baidu.platform.comapi.map.d valueOf(java.lang.String)
com.baidu.platform.comapi.map.u: com.baidu.platform.comapi.map.u[] values()
com.baidu.platform.comapi.map.u: com.baidu.platform.comapi.map.u valueOf(java.lang.String)
com.baidu.platform.comjni.base.networkdetect.JNINetworkDetect
com.baidu.platform.comjni.base.networkdetect.JNINetworkDetect: int Create()