proguard/mapping.txt
com.bing.friendplace.BaseActivity -> com.bing.friendplace.a:
    android.widget.TextView leftTextView -> a
    android.widget.TextView titleTextView -> b
    android.widget.TextView rightTextView -> c
    android.widget.ImageView rightImageView -> d
    android.app.Activity context -> e
    void OnInitView() -> b
    void OnInitData() -> c
com.bing.friendplace.BaseActivity$1 -> com.bing.friendplace.b:
    com.bing.friendplace.BaseActivity this$0 -> a
    void onClick(android.view.View) -> onClick
com.bing.friendplace.BaseListActivity -> com.bing.friendplace.c:
    java.lang.String TAG -> n
    android.support.v4.widget.SwipeRefreshLayout mSwipeRefreshLayout -> f
    com.bing.ui.custmeview.BingListView mBingListView -> g
    java.util.List list -> h
    com.bing.friendplace.CircleAdapter circleAdapter -> i
    com.bing.friendplace.adapter.AblumAdapter ablumAdapter -> j
    boolean isLoading -> k
    int first -> l
    java.lang.String lastjson -> o
    com.loopj.android.http.JsonHttpResponseHandler postbgseHandler -> m
    android.os.Handler postBgHandler -> p
    android.content.BroadcastReceiver delReceiver -> q
    void onCreate(android.os.Bundle) -> onCreate
    void onDestroy() -> onDestroy
    void OnInitView() -> b
    void parseJson(org.json.JSONObject) -> a
    void parseNewJson(org.json.JSONObject) -> b
    void loopMoodInfo(com.bing.bean.MoodBean) -> a
    void arrangeList() -> d
    void delMoodDialog(int) -> a
    void initFilter() -> a
    void delMoodbyid(java.lang.String) -> a
    java.lang.String access$0() -> e
    void access$1(com.bing.friendplace.BaseListActivity,java.lang.String) -> a
    java.lang.String access$2(com.bing.friendplace.BaseListActivity) -> a
    void access$3(com.bing.friendplace.BaseListActivity,org.json.JSONObject) -> a
    void access$4(com.bing.friendplace.BaseListActivity,org.json.JSONObject) -> b
    android.os.Handler access$5(com.bing.friendplace.BaseListActivity) -> b
com.bing.friendplace.BaseListActivity$1 -> com.bing.friendplace.d:
    com.bing.friendplace.BaseListActivity this$0 -> a
    void onFailure(int,org.apache.http.Header[],java.lang.Throwable,org.json.JSONObject) -> a
    void onSuccess(int,org.apache.http.Header[],org.json.JSONObject) -> a
    void onStart() -> a
com.bing.friendplace.BaseListActivity$2 -> com.bing.friendplace.e:
    com.bing.friendplace.BaseListActivity this$0 -> a
    boolean handleMessage(android.os.Message) -> handleMessage
com.bing.friendplace.BaseListActivity$3 -> com.bing.friendplace.f:
    com.bing.friendplace.BaseListActivity this$0 -> a
    void onReceive(android.content.Context,android.content.Intent) -> onReceive
com.bing.friendplace.BaseListActivity$4 -> com.bing.friendplace.g:
    com.bing.friendplace.BaseListActivity this$0 -> a
    int val$position -> b
    void onClick(android.content.DialogInterface,int) -> onClick
com.bing.friendplace.BaseListActivity$5 -> com.bing.friendplace.h:
    com.bing.friendplace.BaseListActivity this$0 -> a
    void onClick(android.content.DialogInterface,int) -> onClick
com.bing.friendplace.BaseListActivity$PostBg -> com.bing.friendplace.i:
    java.lang.String uid -> a
    java.lang.String path -> b
    com.bing.friendplace.BaseListActivity this$0 -> c
    void run() -> run
com.bing.friendplace.BaseListActivity$ResponseHandler -> com.bing.friendplace.j:
    boolean isresh -> a
    com.bing.friendplace.BaseListActivity this$0 -> b
    void onFailure(int,org.apache.http.Header[],java.lang.Throwable,org.json.JSONObject) -> a
    void onSuccess(int,org.apache.http.Header[],org.json.JSONObject) -> a
    void onFinish() -> b
    void onStart() -> a
...
android.support.v4.view.accessibility.AccessibilityNodeProviderCompatJellyBean$AccessibilityNodeInfoBridge -> android.support.v4.view.a.s:
    java.lang.Object createAccessibilityNodeInfo(int) -> a
    boolean performAction(int,int,android.os.Bundle) -> a
    java.util.List findAccessibilityNodeInfosByText(java.lang.String,int) -> a
android.support.v4.view.accessibility.AccessibilityNodeProviderCompatKitKat -> android.support.v4.view.a.t:
    java.lang.Object newAccessibilityNodeProviderBridge(android.support.v4.view.accessibility.AccessibilityNodeProviderCompatKitKat$AccessibilityNodeInfoBridge) -> a
android.support.v4.view.accessibility.AccessibilityNodeProviderCompatKitKat$1 -> android.support.v4.view.a.u:
    android.support.v4.view.accessibility.AccessibilityNodeProviderCompatKitKat$AccessibilityNodeInfoBridge val$bridge -> a
    android.view.accessibility.AccessibilityNodeInfo createAccessibilityNodeInfo(int) -> createAccessibilityNodeInfo
    java.util.List findAccessibilityNodeInfosByText(java.lang.String,int) -> findAccessibilityNodeInfosByText
    boolean performAction(int,int,android.os.Bundle) -> performAction
    android.view.accessibility.AccessibilityNodeInfo findFocus(int) -> findFocus
android.support.v4.view.accessibility.AccessibilityNodeProviderCompatKitKat$AccessibilityNodeInfoBridge -> android.support.v4.view.a.v:
    java.lang.Object createAccessibilityNodeInfo(int) -> a
    boolean performAction(int,int,android.os.Bundle) -> a
    java.util.List findAccessibilityNodeInfosByText(java.lang.String,int) -> a
    java.lang.Object findFocus(int) -> b
android.support.v4.view.accessibility.AccessibilityRecordCompat -> android.support.v4.view.a.w:
    android.support.v4.view.accessibility.AccessibilityRecordCompat$AccessibilityRecordImpl IMPL -> a
    java.lang.Object mRecord -> b
    android.support.v4.view.accessibility.AccessibilityRecordCompat obtain() -> a
    void setScrollable(boolean) -> a
    void setItemCount(int) -> a
    void setFromIndex(int) -> b
    void setToIndex(int) -> c
    int hashCode() -> hashCode
    boolean equals(java.lang.Object) -> equals
android.support.v4.view.accessibility.AccessibilityRecordCompat$AccessibilityRecordIcsImpl -> android.support.v4.view.a.x:
    java.lang.Object obtain() -> a
    void setFromIndex(java.lang.Object,int) -> a
    void setItemCount(java.lang.Object,int) -> b
    void setScrollable(java.lang.Object,boolean) -> a
    void setToIndex(java.lang.Object,int) -> c
android.support.v4.view.accessibility.AccessibilityRecordCompat$AccessibilityRecordIcsMr1Impl -> android.support.v4.view.a.y:
android.support.v4.view.accessibility.AccessibilityRecordCompat$AccessibilityRecordImpl -> android.support.v4.view.a.z:
    java.lang.Object obtain() -> a
    void setScrollable(java.lang.Object,boolean) -> a
    void setItemCount(java.lang.Object,int) -> b
    void setFromIndex(java.lang.Object,int) -> a
    void setToIndex(java.lang.Object,int) -> c
android.support.v4.view.accessibility.AccessibilityRecordCompat$AccessibilityRecordJellyBeanImpl -> android.support.v4.view.a.aa:
android.support.v4.view.accessibility.AccessibilityRecordCompat$AccessibilityRecordStubImpl -> android.support.v4.view.a.ab:
    java.lang.Object obtain() -> a
    void setFromIndex(java.lang.Object,int) -> a
    void setItemCount(java.lang.Object,int) -> b
    void setScrollable(java.lang.Object,boolean) -> a
    void setToIndex(java.lang.Object,int) -> c
android.support.v4.view.accessibility.AccessibilityRecordCompatIcs -> android.support.v4.view.a.ac:
    java.lang.Object obtain() -> a
    void setFromIndex(java.lang.Object,int) -> a
    void setItemCount(java.lang.Object,int) -> b
    void setScrollable(java.lang.Object,boolean) -> a
    void setToIndex(java.lang.Object,int) -> c