proguard/usage.txt
com.bing.friendplace.BaseListActivity:
    protected static final int limit
    protected abstract void OnReshData()
    protected abstract void OnLoadMore()
com.bing.friendplace.BuildConfig
com.bing.friendplace.MessageActivity:
    100:100:protected void OnLoadMore()
com.bing.friendplace.R:
    10:10:public R()
com.bing.friendplace.constant.ConstantS
com.bing.friendplace.db.DataBaseManager:
    6:6:public DataBaseManager()
com.bing.friendplace.db.FriendDbHelper:
    private static final java.lang.String NAME
    private static final int VERSION
    private static final java.lang.String CREATE_MSG_TABLE_SQL
com.bing.friendplace.db.table.MsgTable
com.bing.friendplace.db.utils.BaseDateInterface
com.bing.friendplace.db.utils.MsgDataMangerUtils:
    27:27:public long delete()
    105:105:public java.lang.Object queryData(int)
    111:116:public void close()
com.bing.friendplace.db.utils.MsgInterface
com.bing.friendplace.utils.CharacterParser:
    private java.lang.String resource
    69:69:public java.lang.String getResource()
    73:74:public void setResource(java.lang.String)
    135:135:public java.lang.String getSpelling()
com.bing.friendplace.utils.MoodMergeUtils:
    8:8:public MoodMergeUtils()
com.bing.friendplace.utils.NoticeUtils:
    12:12:public NoticeUtils()
com.bing.friendplace.utils.StringMatcher
com.bing.friendplace.utils.VisibleParseUtils:
    6:6:public VisibleParseUtils()
...
android.support.v4.view.accessibility.AccessibilityNodeInfoCompat$AccessibilityNodeInfoKitKatImpl:
    746:746:public int getLiveRegion(java.lang.Object)
    751:752:public void setLiveRegion(java.lang.Object,int)
android.support.v4.view.accessibility.AccessibilityNodeInfoCompat$AccessibilityNodeInfoStubImpl:
    107:107:public java.lang.Object obtain()
    112:112:public java.lang.Object obtain(android.view.View)
    117:117:public java.lang.Object obtain(android.view.View,int)
    122:122:public java.lang.Object obtain(java.lang.Object)
    133:133:public void addChild(java.lang.Object,android.view.View)
    138:138:public void addChild(java.lang.Object,android.view.View,int)
    142:142:public java.util.List findAccessibilityNodeInfosByText(java.lang.Object,java.lang.String)
    162:162:public java.lang.Object getChild(java.lang.Object,int)
    167:167:public int getChildCount(java.lang.Object)
    187:187:public java.lang.Object getParent(java.lang.Object)
    197:197:public int getWindowId(java.lang.Object)
    232:232:public boolean isVisibleToUser(java.lang.Object)
    237:237:public boolean isAccessibilityFocused(java.lang.Object)
    262:262:public boolean performAction(java.lang.Object,int)
    267:267:public boolean performAction(java.lang.Object,int,android.os.Bundle)
    273:273:public void setMovementGranularities(java.lang.Object,int)
    277:277:public int getMovementGranularities(java.lang.Object)
    283:283:public void setBoundsInParent(java.lang.Object,android.graphics.Rect)
    288:288:public void setBoundsInScreen(java.lang.Object,android.graphics.Rect)
    293:293:public void setCheckable(java.lang.Object,boolean)
android.support.v4.view.accessibility.AccessibilityNodeInfoCompatIcs:
    28:28:AccessibilityNodeInfoCompatIcs()
    31:31:public static java.lang.Object obtain()
    35:35:public static java.lang.Object obtain(android.view.View)
    39:39:public static java.lang.Object obtain(java.lang.Object)
    47:48:public static void addChild(java.lang.Object,android.view.View)
    52:53:public static java.util.List findAccessibilityNodeInfosByText(java.lang.Object,java.lang.String)
    69:69:public static java.lang.Object getChild(java.lang.Object,int)
    73:73:public static int getChildCount(java.lang.Object)
    89:89:public static java.lang.Object getParent(java.lang.Object)
    97:97:public static int getWindowId(java.lang.Object)
    141:141:public static boolean performAction(java.lang.Object,int)
    145:146:public static void setBoundsInParent(java.lang.Object,android.graphics.Rect)
    149:150:public static void setBoundsInScreen(java.lang.Object,android.graphics.Rect)
    153:154:public static void setCheckable(java.lang.Object,boolean)
    157:158:public static void setChecked(java.lang.Object,boolean)
    165:166:public static void setClickable(java.lang.Object,boolean)
    169:170:public static void setContentDescription(java.lang.Object,java.lang.CharSequence)
    173:174:public static void setEnabled(java.lang.Object,boolean)
    177:178:public static void setFocusable(java.lang.Object,boolean)
android.support.v4.view.accessibility.AccessibilityNodeInfoCompatJellyBean
android.support.v4.view.accessibility.AccessibilityNodeInfoCompatJellybeanMr2:
    21:21:AccessibilityNodeInfoCompatJellybeanMr2()
    24:25:public static void setViewIdResourceName(java.lang.Object,java.lang.String)
android.support.v4.view.accessibility.AccessibilityNodeInfoCompatKitKat
android.support.v4.view.accessibility.AccessibilityNodeProviderCompatJellyBean:
    28:29:AccessibilityNodeProviderCompatJellyBean()
android.support.v4.view.accessibility.AccessibilityNodeProviderCompatKitKat:
    28:29:AccessibilityNodeProviderCompatKitKat()